src/my_memory/mainMemory.v
src/modules/risingEdge.v
src/modules/seven_segment_digit_interface.v
src/modules/seven_segment_32bit.v
src/modules/mux_1024to32.v
src/modules/mux_4to1.v
src/CPU/CPU_top.v
src/CPU/alu.v
src/CPU/control_unit.v
src/CPU/instruction_register.v
src/CPU/load_store.v
src/CPU/program_counter.v
src/CPU/register_file.v
src/Memory/memory_top.v
src/Memory/memory_map.v
src/Memory/cache_altera.v
src/Memory/cache_altera_dualport.v
src/Memory/hex_mem.v
src/Memory/gpio_interface.v
src/Memory/ps2_interface.v
src/DE0_TOP.v
src/SDRAM/sdram_controller.v
src/VGA/gpu.v
src/VGA/vga_controller.v
