testbench/cpu_tb.v
src/my_memory/mainMemory.v
src/modules/risingEdge.v
src/modules/seven_segment_digit_interface.v
src/modules/seven_segment_32bit.v
src/CPU/CPU_top.v
src/CPU/alu.v
src/CPU/control_unit.v
src/CPU/instruction_register.v
src/CPU/load_store.v
src/CPU/program_counter.v
src/CPU/register_file.v
src/Memory/memory_top.v
src/Memory/memory_map.v
src/Memory/cache8KB.v
src/SDRAM/ComparatorX.v
src/SDRAM/initSDRAM.v
src/SDRAM/ReadSDRAM.v
src/SDRAM/RegisterX.v
src/SDRAM/SDRAM.v
src/SDRAM/SDRAMRefresh.v
src/SDRAM/WriteSDRAM.v
src/SDRAM/ZEROEXT.v
src/SDRAM/ConstantX.v
src/SDRAM/InstantRisingEdge.v
src/SDRAM/DC2.v
